New log file opened at Tue Jan 12 11:35:35 EET 2016 by 8676@Dell-pc
Taking next connection to: 53429
New client attempting to connect on port: 53430-53429
  Address = /172.18.45.140:53429
This client on port 53430 has uuid d1234659-5e3f-4bf3-bf48-902e603e19f6 configName play-fork-run humanReadableName Play Fork Run protocolVersion 1 featureTags Vector()
Connected Clients: play-fork-run-d1234659-5e3f-4bf3-bf48-902e603e19f6
Taking next connection to: 53429
Checking to see if clients are empty...
We have 1 non-daemon clients, continuing serving connections.
Taking next connection to: 53429
Checking to see if clients are empty...
We have 1 non-daemon clients, continuing serving connections.
Taking next connection to: 53429
Checking to see if clients are empty...
We have 1 non-daemon clients, continuing serving connections.
Taking next connection to: 53429
Checking to see if clients are empty...
No non-daemon clients connected after 3 min. Shutting down.
Server socket thread exiting.
0 clients open, will close them...
All client sockets have been closed.
Closing the 8676@Dell-pc logs at Tue Jan 12 11:47:35 EET 2016, goodbye.
